<?xml version="1.0" encoding="UTF-8"?>
<!-- Generated by org.testng.reporters.JUnitReportReporter -->
<testsuite hostname="WIN-L2TNJ7VR6RN" name="a1.testBaidu" tests="1" failures="0" timestamp="14 Mar 2019 01:01:19 GMT" time="4.729" errors="0">
  <testcase name="openfirefox" time="4.729" classname="a1.testBaidu"/>
</testsuite> <!-- a1.testBaidu -->
